<?xml version="1.0" encoding="UTF-8"?>
<testsuite name="com.soj.interfac.multiple.AnimalTest" tests="2" skipped="0" failures="0" errors="0" timestamp="2022-01-28T16:43:39" hostname="DESKTOP-H3C67DB" time="0.024">
  <properties/>
  <testcase name="generalBehaviourTest()" classname="com.soj.interfac.multiple.AnimalTest" time="0.023"/>
  <testcase name="animalpetAsCatTest()" classname="com.soj.interfac.multiple.AnimalTest" time="0.0"/>
  <system-out><![CDATA[]]></system-out>
  <system-err><![CDATA[]]></system-err>
</testsuite>
